<?xml version="1.0" encoding="UTF-8"?>
<!-- Generated by org.testng.reporters.JUnitXMLReporter -->
<testsuite hostname="bhmbp.local" name="Command line test" tests="4" failures="0" timestamp="19 Sep 2014 10:25:48 GMT" time="0.629" errors="0">
  <testcase name="getEntityManager" time="0.573" classname="com.pact.identity.domain.mytest.JPASessionUtilTest"/>
  <testcase name="getSession" time="0.0" classname="com.pact.identity.domain.mytest.JPASessionUtilTest"/>
  <testcase name="nonexistentEntityManagerName" time="0.024" classname="com.pact.identity.domain.mytest.JPASessionUtilTest"/>
  <testcase name="nonexistentSessionName" time="0.022" classname="com.pact.identity.domain.mytest.JPASessionUtilTest"/>
</testsuite> <!-- Command line test -->
